<?xml version="1.0" encoding="UTF-8"?>
<!-- Generated by org.testng.reporters.JUnitReportReporter -->
<testsuite skipped="0" hostname="DESKTOP-VO07NQ3" name="TestSuites.trutime" tests="1" failures="0" timestamp="24 May 2022 16:09:34 GMT" time="0.336" errors="0">
  <testcase name="getdate" time="0.336" classname="TestSuites.trutime"/>
</testsuite> <!-- TestSuites.trutime -->
